<?xml version="1.0" encoding="UTF-8"?>
<!-- Generated by org.testng.reporters.JUnitReportReporter -->
<testsuite hostname="DESKTOP-M0UNQDT" failures="0" tests="1" name="ExpensesTests" time="27.842" errors="0" timestamp="2021-11-04T08:52:41 EET" skipped="0">
  <testcase classname="ExpensesTests" name="addEditDeleteExpense" time="27.842"/>
  <system-out/>
</testsuite> <!-- ExpensesTests -->
