<?xml version="1.0" encoding="UTF-8"?>
<!-- Generated by org.testng.reporters.JUnitReportReporter -->
<testsuite hostname="DESKTOP-M0UNQDT" failures="0" tests="1" name="IncomeTests" time="29.252" errors="0" timestamp="2021-11-03T20:36:13 EET" skipped="0">
  <testcase classname="IncomeTests" name="addEditDeleteIncome" time="29.252"/>
  <system-out/>
</testsuite> <!-- IncomeTests -->
